# JRE version: OpenJDK Runtime Environment Temurin-21.0.6+7 (21.0.6+7) (build 21.0.6+7-LTS)
# Java VM: OpenJDK 64-Bit Server VM Temurin-21.0.6+7 (21.0.6+7-LTS, mixed mode, emulated-client, sharing, tiered, compressed oops, compressed class ptrs, g1 gc, windows-amd64)
GC Precious Log:
 CardTable entry size: 512
 Card Set container configuration: InlinePtr #cards 5 size 8 Array Of Cards #cards 12 size 40 Howl #buckets 4 coarsen threshold 1843 Howl Bitmap #cards 512 size 80 coarsen threshold 460 Card regions per heap region 1 cards per card region 2048
 CPUs: 8 total, 8 available
 Memory: 8065M
 Large Page Support: Disabled
 NUMA Support: Disabled
 Compressed Oops: Enabled (32-bit)
 Heap Region Size: 1M
 Heap Min Capacity: 8M
 Heap Initial Capacity: 128M
 Heap Max Capacity: 1G
 Pre-touch: Disabled
 Parallel Workers: 8
 Concurrent Workers: 2
 Concurrent Refinement Workers: 8
 Periodic GC: Disabled
Heap:
 garbage-first heap   total 83968K, used 39775K [0x00000000c0000000, 0x0000000100000000)
  region size 1024K, 1 young (1024K), 0 survivors (0K)
 Metaspace       used 55315K, committed 56064K, reserved 1114112K
  class space    used 6757K, committed 7168K, reserved 1048576K
GC Heap History (20 events):
Event: 22956.677 GC heap after
{Heap after GC invocations=2196 (full 2184):
 garbage-first heap   total 83968K, used 39787K [0x00000000c0000000, 0x0000000100000000)
  region size 1024K, 0 young (0K), 0 survivors (0K)
 Metaspace       used 55315K, committed 56064K, reserved 1114112K
  class space    used 6757K, committed 7168K, reserved 1048576K
}
Event: 22966.818 GC heap before
{Heap before GC invocations=2196 (full 2184):
 garbage-first heap   total 83968K, used 39787K [0x00000000c0000000, 0x0000000100000000)
  region size 1024K, 1 young (1024K), 0 survivors (0K)
 Metaspace       used 55315K, committed 56064K, reserved 1114112K
  class space    used 6757K, committed 7168K, reserved 1048576K
}
Event: 22966.851 GC heap after
{Heap after GC invocations=2197 (full 2185):
 garbage-first heap   total 83968K, used 39775K [0x00000000c0000000, 0x0000000100000000)
  region size 1024K, 0 young (0K), 0 survivors (0K)
 Metaspace       used 55315K, committed 56064K, reserved 1114112K
  class space    used 6757K, committed 7168K, reserved 1048576K
}
Event: 22976.992 GC heap before
{Heap before GC invocations=2197 (full 2185):
 garbage-first heap   total 83968K, used 39775K [0x00000000c0000000, 0x0000000100000000)
  region size 1024K, 1 young (1024K), 0 survivors (0K)
 Metaspace       used 55315K, committed 56064K, reserved 1114112K
  class space    used 6757K, committed 7168K, reserved 1048576K
}
Event: 22977.029 GC heap after
{Heap after GC invocations=2198 (full 2186):
 garbage-first heap   total 83968K, used 39775K [0x00000000c0000000, 0x0000000100000000)
  region size 1024K, 0 young (0K), 0 survivors (0K)
 Metaspace       used 55315K, committed 56064K, reserved 1114112K
  class space    used 6757K, committed 7168K, reserved 1048576K
}
Event: 22987.157 GC heap before
{Heap before GC invocations=2198 (full 2186):
 garbage-first heap   total 83968K, used 39775K [0x00000000c0000000, 0x0000000100000000)
  region size 1024K, 1 young (1024K), 0 survivors (0K)
 Metaspace       used 55315K, committed 56064K, reserved 1114112K
  class space    used 6757K, committed 7168K, reserved 1048576K
}
Event: 22987.190 GC heap after
{Heap after GC invocations=2199 (full 2187):
 garbage-first heap   total 83968K, used 39775K [0x00000000c0000000, 0x0000000100000000)
  region size 1024K, 0 young (0K), 0 survivors (0K)
 Metaspace       used 55315K, committed 56064K, reserved 1114112K
  class space    used 6757K, committed 7168K, reserved 1048576K
}
Event: 22997.325 GC heap before
{Heap before GC invocations=2199 (full 2187):
 garbage-first heap   total 83968K, used 39775K [0x00000000c0000000, 0x0000000100000000)
  region size 1024K, 1 young (1024K), 0 survivors (0K)
 Metaspace       used 55315K, committed 56064K, reserved 1114112K
  class space    used 6757K, committed 7168K, reserved 1048576K
}
Event: 22997.360 GC heap after
{Heap after GC invocations=2200 (full 2188):
 garbage-first heap   total 83968K, used 39775K [0x00000000c0000000, 0x0000000100000000)
  region size 1024K, 0 young (0K), 0 survivors (0K)
 Metaspace       used 55315K, committed 56064K, reserved 1114112K
  class space    used 6757K, committed 7168K, reserved 1048576K
}
Event: 23007.551 GC heap before
{Heap before GC invocations=2200 (full 2188):
 garbage-first heap   total 83968K, used 39775K [0x00000000c0000000, 0x0000000100000000)
  region size 1024K, 1 young (1024K), 0 survivors (0K)
 Metaspace       used 55315K, committed 56064K, reserved 1114112K
  class space    used 6757K, committed 7168K, reserved 1048576K
}
Event: 23007.585 GC heap after
{Heap after GC invocations=2201 (full 2189):
 garbage-first heap   total 83968K, used 39775K [0x00000000c0000000, 0x0000000100000000)
  region size 1024K, 0 young (0K), 0 survivors (0K)
 Metaspace       used 55315K, committed 56064K, reserved 1114112K
  class space    used 6757K, committed 7168K, reserved 1048576K
}
Event: 23017.739 GC heap before
{Heap before GC invocations=2201 (full 2189):
 garbage-first heap   total 83968K, used 39775K [0x00000000c0000000, 0x0000000100000000)
  region size 1024K, 1 young (1024K), 0 survivors (0K)
 Metaspace       used 55315K, committed 56064K, reserved 1114112K
  class space    used 6757K, committed 7168K, reserved 1048576K
}
Event: 23017.775 GC heap after
{Heap after GC invocations=2202 (full 2190):
 garbage-first heap   total 83968K, used 39775K [0x00000000c0000000, 0x0000000100000000)
  region size 1024K, 0 young (0K), 0 survivors (0K)
 Metaspace       used 55315K, committed 56064K, reserved 1114112K
  class space    used 6757K, committed 7168K, reserved 1048576K
}
Event: 23027.904 GC heap before
{Heap before GC invocations=2202 (full 2190):
 garbage-first heap   total 83968K, used 39775K [0x00000000c0000000, 0x0000000100000000)
  region size 1024K, 1 young (1024K), 0 survivors (0K)
 Metaspace       used 55315K, committed 56064K, reserved 1114112K
  class space    used 6757K, committed 7168K, reserved 1048576K
}
Event: 23027.935 GC heap after
{Heap after GC invocations=2203 (full 2191):
 garbage-first heap   total 83968K, used 39775K [0x00000000c0000000, 0x0000000100000000)
  region size 1024K, 0 young (0K), 0 survivors (0K)
 Metaspace       used 55315K, committed 56064K, reserved 1114112K
  class space    used 6757K, committed 7168K, reserved 1048576K
}
Event: 23038.068 GC heap before
{Heap before GC invocations=2203 (full 2191):
 garbage-first heap   total 83968K, used 39775K [0x00000000c0000000, 0x0000000100000000)
  region size 1024K, 1 young (1024K), 0 survivors (0K)
 Metaspace       used 55315K, committed 56064K, reserved 1114112K
  class space    used 6757K, committed 7168K, reserved 1048576K
}
Event: 23038.103 GC heap after
{Heap after GC invocations=2204 (full 2192):
 garbage-first heap   total 83968K, used 39775K [0x00000000c0000000, 0x0000000100000000)
  region size 1024K, 0 young (0K), 0 survivors (0K)
 Metaspace       used 55315K, committed 56064K, reserved 1114112K
  class space    used 6757K, committed 7168K, reserved 1048576K
}
Event: 23048.229 GC heap before
{Heap before GC invocations=2204 (full 2192):
 garbage-first heap   total 83968K, used 39775K [0x00000000c0000000, 0x0000000100000000)
  region size 1024K, 1 young (1024K), 0 survivors (0K)
 Metaspace       used 55315K, committed 56064K, reserved 1114112K
  class space    used 6757K, committed 7168K, reserved 1048576K
}
Event: 23048.262 GC heap after
{Heap after GC invocations=2205 (full 2193):
 garbage-first heap   total 83968K, used 39775K [0x00000000c0000000, 0x0000000100000000)
  region size 1024K, 0 young (0K), 0 survivors (0K)
 Metaspace       used 55315K, committed 56064K, reserved 1114112K
  class space    used 6757K, committed 7168K, reserved 1048576K
}
Event: 23058.307 GC heap before
{Heap before GC invocations=2205 (full 2193):
 garbage-first heap   total 83968K, used 39775K [0x00000000c0000000, 0x0000000100000000)
  region size 1024K, 1 young (1024K), 0 survivors (0K)
 Metaspace       used 55315K, committed 56064K, reserved 1114112K
  class space    used 6757K, committed 7168K, reserved 1048576K
}

